  Boss.cpp
e:\graduationprojectfill\2424\graduationproject\server\physics.h(53): warning C4244: '=': 'float'에서 'int'(으)로 변환하면서 데이터가 손실될 수 있습니다.
e:\graduationprojectfill\2424\graduationproject\server\physics.h(54): warning C4244: '=': 'float'에서 'int'(으)로 변환하면서 데이터가 손실될 수 있습니다.
e:\graduationprojectfill\2424\graduationproject\server\physics.h(55): warning C4244: '=': 'float'에서 'int'(으)로 변환하면서 데이터가 손실될 수 있습니다.
e:\graduationprojectfill\2424\graduationproject\server\cplayer.h(11): warning C4005: 'MAX_MOVE_RANGE': 매크로 재정의
  e:\graduationprojectfill\2424\graduationproject\server\cobject.h(5): note: 'MAX_MOVE_RANGE'의 이전 정의를 참조하십시오.
e:\graduationprojectfill\2424\graduationproject\server\boss.cpp(66): warning C4244: '초기화 중': 'float'에서 'int'(으)로 변환하면서 데이터가 손실될 수 있습니다.
e:\graduationprojectfill\2424\graduationproject\server\boss.cpp(100): warning C4838: 'float'에서 'short'(으)로의 변환에는 축소 변환이 필요합니다.
e:\graduationprojectfill\2424\graduationproject\server\boss.cpp(100): warning C4244: '초기화 중': 'float'에서 'short'(으)로 변환하면서 데이터가 손실될 수 있습니다.
e:\graduationprojectfill\2424\graduationproject\server\boss.cpp(102): warning C4838: 'float'에서 'short'(으)로의 변환에는 축소 변환이 필요합니다.
e:\graduationprojectfill\2424\graduationproject\server\boss.cpp(102): warning C4244: '초기화 중': 'float'에서 'short'(으)로 변환하면서 데이터가 손실될 수 있습니다.
e:\graduationprojectfill\2424\graduationproject\server\boss.cpp(109): warning C4244: '=': 'int'에서 'float'(으)로 변환하면서 데이터가 손실될 수 있습니다.
e:\graduationprojectfill\2424\graduationproject\server\boss.cpp(110): warning C4244: '=': 'int'에서 'float'(으)로 변환하면서 데이터가 손실될 수 있습니다.
  BossState.cpp
e:\graduationprojectfill\2424\graduationproject\server\physics.h(53): warning C4244: '=': 'float'에서 'int'(으)로 변환하면서 데이터가 손실될 수 있습니다.
e:\graduationprojectfill\2424\graduationproject\server\physics.h(54): warning C4244: '=': 'float'에서 'int'(으)로 변환하면서 데이터가 손실될 수 있습니다.
e:\graduationprojectfill\2424\graduationproject\server\physics.h(55): warning C4244: '=': 'float'에서 'int'(으)로 변환하면서 데이터가 손실될 수 있습니다.
  CDBConnector.cpp
e:\graduationprojectfill\2424\graduationproject\server\physics.h(53): warning C4244: '=': 'float'에서 'int'(으)로 변환하면서 데이터가 손실될 수 있습니다.
e:\graduationprojectfill\2424\graduationproject\server\physics.h(54): warning C4244: '=': 'float'에서 'int'(으)로 변환하면서 데이터가 손실될 수 있습니다.
e:\graduationprojectfill\2424\graduationproject\server\physics.h(55): warning C4244: '=': 'float'에서 'int'(으)로 변환하면서 데이터가 손실될 수 있습니다.
e:\graduationprojectfill\2424\graduationproject\server\cplayer.h(11): warning C4005: 'MAX_MOVE_RANGE': 매크로 재정의
  e:\graduationprojectfill\2424\graduationproject\server\cobject.h(5): note: 'MAX_MOVE_RANGE'의 이전 정의를 참조하십시오.
e:\graduationprojectfill\2424\graduationproject\server\cdbconnector.cpp(35): warning C4244: '인수': 'SQLINTEGER'에서 'SQLSMALLINT'(으)로 변환하면서 데이터가 손실될 수 있습니다.
e:\graduationprojectfill\2424\graduationproject\server\cdbconnector.cpp(42): warning C4244: '인수': 'SQLINTEGER'에서 'SQLSMALLINT'(으)로 변환하면서 데이터가 손실될 수 있습니다.
e:\graduationprojectfill\2424\graduationproject\server\cdbconnector.cpp(48): warning C4244: '인수': 'SQLINTEGER'에서 'SQLSMALLINT'(으)로 변환하면서 데이터가 손실될 수 있습니다.
e:\graduationprojectfill\2424\graduationproject\server\cdbconnector.cpp(68): warning C4244: '인수': 'SQLINTEGER'에서 'SQLSMALLINT'(으)로 변환하면서 데이터가 손실될 수 있습니다.
e:\graduationprojectfill\2424\graduationproject\server\cdbconnector.cpp(78): warning C4244: '인수': 'SQLINTEGER'에서 'SQLSMALLINT'(으)로 변환하면서 데이터가 손실될 수 있습니다.
e:\graduationprojectfill\2424\graduationproject\server\cdbconnector.cpp(93): warning C4244: '인수': 'SQLINTEGER'에서 'SQLSMALLINT'(으)로 변환하면서 데이터가 손실될 수 있습니다.
e:\graduationprojectfill\2424\graduationproject\server\cdbconnector.cpp(103): warning C4244: '인수': 'SQLINTEGER'에서 'SQLSMALLINT'(으)로 변환하면서 데이터가 손실될 수 있습니다.
e:\graduationprojectfill\2424\graduationproject\server\cdbconnector.cpp(115): warning C4244: '인수': 'SQLINTEGER'에서 'SQLSMALLINT'(으)로 변환하면서 데이터가 손실될 수 있습니다.
e:\graduationprojectfill\2424\graduationproject\server\cdbconnector.cpp(135): warning C4267: '초기화 중': 'size_t'에서 'int'(으)로 변환하면서 데이터가 손실될 수 있습니다.
e:\graduationprojectfill\2424\graduationproject\server\cdbconnector.cpp(137): warning C4267: '초기화 중': 'size_t'에서 'int'(으)로 변환하면서 데이터가 손실될 수 있습니다.
e:\graduationprojectfill\2424\graduationproject\server\cdbconnector.cpp(124): warning C4101: 'u_hp' :참조되지 않은 지역 변수입니다.
  CMonster.cpp
e:\graduationprojectfill\2424\graduationproject\server\physics.h(53): warning C4244: '=': 'float'에서 'int'(으)로 변환하면서 데이터가 손실될 수 있습니다.
e:\graduationprojectfill\2424\graduationproject\server\physics.h(54): warning C4244: '=': 'float'에서 'int'(으)로 변환하면서 데이터가 손실될 수 있습니다.
e:\graduationprojectfill\2424\graduationproject\server\physics.h(55): warning C4244: '=': 'float'에서 'int'(으)로 변환하면서 데이터가 손실될 수 있습니다.
e:\graduationprojectfill\2424\graduationproject\server\cplayer.h(11): warning C4005: 'MAX_MOVE_RANGE': 매크로 재정의
  e:\graduationprojectfill\2424\graduationproject\server\cobject.h(5): note: 'MAX_MOVE_RANGE'의 이전 정의를 참조하십시오.
e:\graduationprojectfill\2424\graduationproject\server\cmonster.cpp(20): warning C4244: 'return': 'double'에서 'float'(으)로 변환하면서 데이터가 손실될 수 있습니다.
e:\graduationprojectfill\2424\graduationproject\server\cmonster.cpp(120): warning C4838: 'float'에서 'short'(으)로의 변환에는 축소 변환이 필요합니다.
e:\graduationprojectfill\2424\graduationproject\server\cmonster.cpp(120): warning C4244: '초기화 중': 'float'에서 'short'(으)로 변환하면서 데이터가 손실될 수 있습니다.
e:\graduationprojectfill\2424\graduationproject\server\cmonster.cpp(122): warning C4838: 'float'에서 'short'(으)로의 변환에는 축소 변환이 필요합니다.
e:\graduationprojectfill\2424\graduationproject\server\cmonster.cpp(122): warning C4244: '초기화 중': 'float'에서 'short'(으)로 변환하면서 데이터가 손실될 수 있습니다.
e:\graduationprojectfill\2424\graduationproject\server\cmonster.cpp(134): warning C4244: '=': 'int'에서 'float'(으)로 변환하면서 데이터가 손실될 수 있습니다.
e:\graduationprojectfill\2424\graduationproject\server\cmonster.cpp(135): warning C4244: '=': 'int'에서 'float'(으)로 변환하면서 데이터가 손실될 수 있습니다.
e:\graduationprojectfill\2424\graduationproject\server\cmonster.cpp(152): warning C4838: 'int'에서 'short'(으)로의 변환에는 축소 변환이 필요합니다.
e:\graduationprojectfill\2424\graduationproject\server\cmonster.cpp(160): warning C4838: 'int'에서 'short'(으)로의 변환에는 축소 변환이 필요합니다.
e:\graduationprojectfill\2424\graduationproject\server\cmonster.cpp(205): warning C4244: '=': 'float'에서 'int'(으)로 변환하면서 데이터가 손실될 수 있습니다.
e:\graduationprojectfill\2424\graduationproject\server\cmonster.cpp(206): warning C4244: '=': 'float'에서 'int'(으)로 변환하면서 데이터가 손실될 수 있습니다.
e:\graduationprojectfill\2424\graduationproject\server\cmonster.cpp(272): warning C4244: '초기화 중': 'float'에서 'int'(으)로 변환하면서 데이터가 손실될 수 있습니다.
e:\graduationprojectfill\2424\graduationproject\server\cmonster.cpp(273): warning C4244: '초기화 중': 'float'에서 'int'(으)로 변환하면서 데이터가 손실될 수 있습니다.
e:\graduationprojectfill\2424\graduationproject\server\cmonster.cpp(279): warning C4244: '초기화 중': 'double'에서 'int'(으)로 변환하면서 데이터가 손실될 수 있습니다.
e:\graduationprojectfill\2424\graduationproject\server\cmonster.cpp(359): warning C4305: '인수': 'double'에서 'float'(으)로 잘립니다.
e:\graduationprojectfill\2424\graduationproject\server\cmonster.cpp(392): warning C4305: '인수': 'double'에서 'float'(으)로 잘립니다.
e:\graduationprojectfill\2424\graduationproject\server\cmonster.cpp(400): warning C4305: '인수': 'double'에서 'float'(으)로 잘립니다.
  CObject.cpp
e:\graduationprojectfill\2424\graduationproject\server\physics.h(53): warning C4244: '=': 'float'에서 'int'(으)로 변환하면서 데이터가 손실될 수 있습니다.
e:\graduationprojectfill\2424\graduationproject\server\physics.h(54): warning C4244: '=': 'float'에서 'int'(으)로 변환하면서 데이터가 손실될 수 있습니다.
e:\graduationprojectfill\2424\graduationproject\server\physics.h(55): warning C4244: '=': 'float'에서 'int'(으)로 변환하면서 데이터가 손실될 수 있습니다.
e:\graduationprojectfill\2424\graduationproject\server\cplayer.h(11): warning C4005: 'MAX_MOVE_RANGE': 매크로 재정의
  e:\graduationprojectfill\2424\graduationproject\server\cobject.h(5): note: 'MAX_MOVE_RANGE'의 이전 정의를 참조하십시오.
e:\graduationprojectfill\2424\graduationproject\server\cobject.cpp(55): warning C4244: '초기화 중': 'float'에서 'int'(으)로 변환하면서 데이터가 손실될 수 있습니다.
e:\graduationprojectfill\2424\graduationproject\server\cobject.cpp(56): warning C4244: '초기화 중': 'float'에서 'int'(으)로 변환하면서 데이터가 손실될 수 있습니다.
e:\graduationprojectfill\2424\graduationproject\server\cobject.cpp(57): warning C4244: '초기화 중': 'float'에서 'int'(으)로 변환하면서 데이터가 손실될 수 있습니다.
e:\graduationprojectfill\2424\graduationproject\server\cobject.cpp(59): warning C4244: '초기화 중': 'double'에서 'int'(으)로 변환하면서 데이터가 손실될 수 있습니다.
e:\graduationprojectfill\2424\graduationproject\server\cobject.cpp(78): warning C4838: 'int'에서 'short'(으)로의 변환에는 축소 변환이 필요합니다.
e:\graduationprojectfill\2424\graduationproject\server\cobject.cpp(92): warning C4838: 'int'에서 'short'(으)로의 변환에는 축소 변환이 필요합니다.
  CPathFinder.cpp
e:\graduationprojectfill\2424\graduationproject\server\physics.h(53): warning C4244: '=': 'float'에서 'int'(으)로 변환하면서 데이터가 손실될 수 있습니다.
e:\graduationprojectfill\2424\graduationproject\server\physics.h(54): warning C4244: '=': 'float'에서 'int'(으)로 변환하면서 데이터가 손실될 수 있습니다.
e:\graduationprojectfill\2424\graduationproject\server\physics.h(55): warning C4244: '=': 'float'에서 'int'(으)로 변환하면서 데이터가 손실될 수 있습니다.
  CPlayer.cpp
e:\graduationprojectfill\2424\graduationproject\server\physics.h(53): warning C4244: '=': 'float'에서 'int'(으)로 변환하면서 데이터가 손실될 수 있습니다.
e:\graduationprojectfill\2424\graduationproject\server\physics.h(54): warning C4244: '=': 'float'에서 'int'(으)로 변환하면서 데이터가 손실될 수 있습니다.
e:\graduationprojectfill\2424\graduationproject\server\physics.h(55): warning C4244: '=': 'float'에서 'int'(으)로 변환하면서 데이터가 손실될 수 있습니다.
e:\graduationprojectfill\2424\graduationproject\server\cplayer.h(11): warning C4005: 'MAX_MOVE_RANGE': 매크로 재정의
  e:\graduationprojectfill\2424\graduationproject\server\cobject.h(5): note: 'MAX_MOVE_RANGE'의 이전 정의를 참조하십시오.
e:\graduationprojectfill\2424\graduationproject\server\cplayer.cpp(53): warning C4244: '=': 'int'에서 'float'(으)로 변환하면서 데이터가 손실될 수 있습니다.
e:\graduationprojectfill\2424\graduationproject\server\cplayer.cpp(54): warning C4244: '=': 'int'에서 'float'(으)로 변환하면서 데이터가 손실될 수 있습니다.
e:\graduationprojectfill\2424\graduationproject\server\cplayer.cpp(55): warning C4305: '인수': 'double'에서 'float'(으)로 잘립니다.
e:\graduationprojectfill\2424\graduationproject\server\cplayer.cpp(99): warning C4838: 'int'에서 'short'(으)로의 변환에는 축소 변환이 필요합니다.
e:\graduationprojectfill\2424\graduationproject\server\cplayer.cpp(99): warning C4838: 'int'에서 'char'(으)로의 변환에는 축소 변환이 필요합니다.
e:\graduationprojectfill\2424\graduationproject\server\cplayer.cpp(124): warning C4838: 'int'에서 'short'(으)로의 변환에는 축소 변환이 필요합니다.
e:\graduationprojectfill\2424\graduationproject\server\cplayer.cpp(154): warning C4838: 'int'에서 'short'(으)로의 변환에는 축소 변환이 필요합니다.
e:\graduationprojectfill\2424\graduationproject\server\cplayer.cpp(171): warning C4838: 'int'에서 'short'(으)로의 변환에는 축소 변환이 필요합니다.
e:\graduationprojectfill\2424\graduationproject\server\cplayer.cpp(188): warning C4838: 'int'에서 'short'(으)로의 변환에는 축소 변환이 필요합니다.
e:\graduationprojectfill\2424\graduationproject\server\cplayer.cpp(197): warning C4838: 'int'에서 'short'(으)로의 변환에는 축소 변환이 필요합니다.
e:\graduationprojectfill\2424\graduationproject\server\cplayer.cpp(221): warning C4838: 'int'에서 'short'(으)로의 변환에는 축소 변환이 필요합니다.
e:\graduationprojectfill\2424\graduationproject\server\cplayer.cpp(232): warning C4838: 'int'에서 'short'(으)로의 변환에는 축소 변환이 필요합니다.
e:\graduationprojectfill\2424\graduationproject\server\cplayer.cpp(241): warning C4838: 'int'에서 'short'(으)로의 변환에는 축소 변환이 필요합니다.
e:\graduationprojectfill\2424\graduationproject\server\cplayer.cpp(259): warning C4838: 'int'에서 'short'(으)로의 변환에는 축소 변환이 필요합니다.
e:\graduationprojectfill\2424\graduationproject\server\cplayer.cpp(275): warning C4838: 'int'에서 'short'(으)로의 변환에는 축소 변환이 필요합니다.
e:\graduationprojectfill\2424\graduationproject\server\cplayer.cpp(280): warning C4838: 'int'에서 'short'(으)로의 변환에는 축소 변환이 필요합니다.
e:\graduationprojectfill\2424\graduationproject\server\cplayer.cpp(290): warning C4838: 'int'에서 'short'(으)로의 변환에는 축소 변환이 필요합니다.
e:\graduationprojectfill\2424\graduationproject\server\cplayer.cpp(295): warning C4838: 'int'에서 'short'(으)로의 변환에는 축소 변환이 필요합니다.
e:\graduationprojectfill\2424\graduationproject\server\cplayer.cpp(395): warning C4244: '초기화 중': 'float'에서 'int'(으)로 변환하면서 데이터가 손실될 수 있습니다.
e:\graduationprojectfill\2424\graduationproject\server\cplayer.cpp(396): warning C4244: '초기화 중': 'float'에서 'int'(으)로 변환하면서 데이터가 손실될 수 있습니다.
e:\graduationprojectfill\2424\graduationproject\server\cplayer.cpp(399): warning C4244: '초기화 중': 'double'에서 'int'(으)로 변환하면서 데이터가 손실될 수 있습니다.
  CServer.cpp
  CTerrain.cpp
e:\graduationprojectfill\2424\graduationproject\server\physics.h(53): warning C4244: '=': 'float'에서 'int'(으)로 변환하면서 데이터가 손실될 수 있습니다.
e:\graduationprojectfill\2424\graduationproject\server\physics.h(54): warning C4244: '=': 'float'에서 'int'(으)로 변환하면서 데이터가 손실될 수 있습니다.
e:\graduationprojectfill\2424\graduationproject\server\physics.h(55): warning C4244: '=': 'float'에서 'int'(으)로 변환하면서 데이터가 손실될 수 있습니다.
e:\graduationprojectfill\2424\graduationproject\server\cterrain.cpp(22): warning C4018: '<': signed 또는 unsigned가 일치하지 않습니다.
  Event.cpp
e:\graduationprojectfill\2424\graduationproject\server\physics.h(53): warning C4244: '=': 'float'에서 'int'(으)로 변환하면서 데이터가 손실될 수 있습니다.
e:\graduationprojectfill\2424\graduationproject\server\physics.h(54): warning C4244: '=': 'float'에서 'int'(으)로 변환하면서 데이터가 손실될 수 있습니다.
e:\graduationprojectfill\2424\graduationproject\server\physics.h(55): warning C4244: '=': 'float'에서 'int'(으)로 변환하면서 데이터가 손실될 수 있습니다.
e:\graduationprojectfill\2424\graduationproject\server\cplayer.h(11): warning C4005: 'MAX_MOVE_RANGE': 매크로 재정의
  e:\graduationprojectfill\2424\graduationproject\server\cobject.h(5): note: 'MAX_MOVE_RANGE'의 이전 정의를 참조하십시오.
  KDTree.cpp
e:\graduationprojectfill\2424\graduationproject\server\physics.h(53): warning C4244: '=': 'float'에서 'int'(으)로 변환하면서 데이터가 손실될 수 있습니다.
e:\graduationprojectfill\2424\graduationproject\server\physics.h(54): warning C4244: '=': 'float'에서 'int'(으)로 변환하면서 데이터가 손실될 수 있습니다.
e:\graduationprojectfill\2424\graduationproject\server\physics.h(55): warning C4244: '=': 'float'에서 'int'(으)로 변환하면서 데이터가 손실될 수 있습니다.
  main.cpp
e:\graduationprojectfill\2424\graduationproject\server\physics.h(53): warning C4244: '=': 'float'에서 'int'(으)로 변환하면서 데이터가 손실될 수 있습니다.
e:\graduationprojectfill\2424\graduationproject\server\physics.h(54): warning C4244: '=': 'float'에서 'int'(으)로 변환하면서 데이터가 손실될 수 있습니다.
e:\graduationprojectfill\2424\graduationproject\server\physics.h(55): warning C4244: '=': 'float'에서 'int'(으)로 변환하면서 데이터가 손실될 수 있습니다.
e:\graduationprojectfill\2424\graduationproject\server\cplayer.h(11): warning C4005: 'MAX_MOVE_RANGE': 매크로 재정의
  e:\graduationprojectfill\2424\graduationproject\server\cobject.h(5): note: 'MAX_MOVE_RANGE'의 이전 정의를 참조하십시오.
e:\graduationprojectfill\2424\graduationproject\server\main.cpp(30): warning C4101: 'retval' :참조되지 않은 지역 변수입니다.
e:\graduationprojectfill\2424\graduationproject\server\main.cpp(315): warning C4838: 'int'에서 'short'(으)로의 변환에는 축소 변환이 필요합니다.
  node.cpp
e:\graduationprojectfill\2424\graduationproject\server\physics.h(53): warning C4244: '=': 'float'에서 'int'(으)로 변환하면서 데이터가 손실될 수 있습니다.
e:\graduationprojectfill\2424\graduationproject\server\physics.h(54): warning C4244: '=': 'float'에서 'int'(으)로 변환하면서 데이터가 손실될 수 있습니다.
e:\graduationprojectfill\2424\graduationproject\server\physics.h(55): warning C4244: '=': 'float'에서 'int'(으)로 변환하면서 데이터가 손실될 수 있습니다.
e:\graduationprojectfill\2424\graduationproject\server\node.cpp(9): warning C4244: '초기화 중': 'float'에서 'int'(으)로 변환하면서 데이터가 손실될 수 있습니다.
e:\graduationprojectfill\2424\graduationproject\server\node.cpp(10): warning C4244: '초기화 중': 'float'에서 'int'(으)로 변환하면서 데이터가 손실될 수 있습니다.
e:\graduationprojectfill\2424\graduationproject\server\node.cpp(12): warning C4244: '초기화 중': 'double'에서 'float'(으)로 변환하면서 데이터가 손실될 수 있습니다.
e:\graduationprojectfill\2424\graduationproject\server\node.cpp(121): warning C4244: '=': 'int'에서 'float'(으)로 변환하면서 데이터가 손실될 수 있습니다.
  state.cpp
e:\graduationprojectfill\2424\graduationproject\server\physics.h(53): warning C4244: '=': 'float'에서 'int'(으)로 변환하면서 데이터가 손실될 수 있습니다.
e:\graduationprojectfill\2424\graduationproject\server\physics.h(54): warning C4244: '=': 'float'에서 'int'(으)로 변환하면서 데이터가 손실될 수 있습니다.
e:\graduationprojectfill\2424\graduationproject\server\physics.h(55): warning C4244: '=': 'float'에서 'int'(으)로 변환하면서 데이터가 손실될 수 있습니다.
e:\graduationprojectfill\2424\graduationproject\server\cplayer.h(11): warning C4005: 'MAX_MOVE_RANGE': 매크로 재정의
  e:\graduationprojectfill\2424\graduationproject\server\cobject.h(5): note: 'MAX_MOVE_RANGE'의 이전 정의를 참조하십시오.
e:\graduationprojectfill\2424\graduationproject\server\state.cpp(118): warning C4838: 'int'에서 'short'(으)로의 변환에는 축소 변환이 필요합니다.
  코드를 생성하고 있습니다...
  Server.vcxproj -> E:\GraduationProjectfill\2424\GraduationProject\x64\Debug\Server.exe
