c:\users\유재현\documents\github\lh_server\server\x64\release\vc141.pdb
c:\users\유재현\documents\github\lh_server\server\x64\release\state.obj
c:\users\유재현\documents\github\lh_server\server\x64\release\node.obj
c:\users\유재현\documents\github\lh_server\server\x64\release\kdtree.obj
c:\users\유재현\documents\github\lh_server\server\x64\release\cterrain.obj
c:\users\유재현\documents\github\lh_server\server\x64\release\cserver.obj
c:\users\유재현\documents\github\lh_server\server\x64\release\cplayer.obj
c:\users\유재현\documents\github\lh_server\server\x64\release\cpathfinder.obj
c:\users\유재현\documents\github\lh_server\server\x64\release\cobject.obj
c:\users\유재현\documents\github\lh_server\server\x64\release\cmonster.obj
c:\users\유재현\documents\github\lh_server\server\x64\release\bossstate.obj
c:\users\유재현\documents\github\lh_server\server\x64\release\boss.obj
c:\users\유재현\documents\github\lh_server\server\x64\release\main.obj
c:\users\유재현\documents\github\lh_server\server\x64\release\event.obj
c:\users\유재현\documents\github\lh_server\x64\release\server.exe
c:\users\유재현\documents\github\lh_server\x64\release\server.pdb
c:\users\유재현\documents\github\lh_server\x64\release\server.ipdb
c:\users\유재현\documents\github\lh_server\x64\release\server.iobj
c:\users\유재현\documents\github\lh_server\server\x64\release\server.tlog\cl.command.1.tlog
c:\users\유재현\documents\github\lh_server\server\x64\release\server.tlog\cl.read.1.tlog
c:\users\유재현\documents\github\lh_server\server\x64\release\server.tlog\cl.write.1.tlog
c:\users\유재현\documents\github\lh_server\server\x64\release\server.tlog\link.command.1.tlog
c:\users\유재현\documents\github\lh_server\server\x64\release\server.tlog\link.read.1.tlog
c:\users\유재현\documents\github\lh_server\server\x64\release\server.tlog\link.write.1.tlog
c:\users\유재현\documents\github\lh_server\server\x64\release\server.tlog\server.write.1u.tlog
